<?xml version="1.0" encoding="utf-8"?><testsuites name="pytest tests"><testsuite name="pytest" errors="0" failures="0" skipped="0" tests="23" time="10.613" timestamp="2026-02-27T01:18:45.610818+00:00" hostname="agent-env-9b603f3b-db75-47e8-9929-55f83e103992"><testcase classname="backend.tests.test_wellness_blog_apis.TestHealthEndpoint" name="test_health_check" time="0.552" /><testcase classname="backend.tests.test_wellness_blog_apis.TestHealthEndpoint" name="test_root_endpoint" time="0.427" /><testcase classname="backend.tests.test_wellness_blog_apis.TestArticlesAPI" name="test_get_all_articles" time="0.509" /><testcase classname="backend.tests.test_wellness_blog_apis.TestArticlesAPI" name="test_get_articles_by_category_human" time="0.427" /><testcase classname="backend.tests.test_wellness_blog_apis.TestArticlesAPI" name="test_get_articles_by_category_animal" time="0.415" /><testcase classname="backend.tests.test_wellness_blog_apis.TestArticlesAPI" name="test_get_articles_by_category_connection" time="0.409" /><testcase classname="backend.tests.test_wellness_blog_apis.TestArticlesAPI" name="test_get_single_article_by_slug" time="0.835" /><testcase classname="backend.tests.test_wellness_blog_apis.TestArticlesAPI" name="test_get_nonexistent_article" time="0.418" /><testcase classname="backend.tests.test_wellness_blog_apis.TestNewsletterAPI" name="test_subscribe_newsletter_success" time="0.430" /><testcase classname="backend.tests.test_wellness_blog_apis.TestNewsletterAPI" name="test_subscribe_newsletter_duplicate" time="0.808" /><testcase classname="backend.tests.test_wellness_blog_apis.TestNewsletterAPI" name="test_subscribe_newsletter_invalid_email" time="0.431" /><testcase classname="backend.tests.test_wellness_blog_apis.TestLandingPagesAPI" name="test_get_all_landing_pages" time="0.384" /><testcase classname="backend.tests.test_wellness_blog_apis.TestLandingPagesAPI" name="test_get_meditation_landing_page" time="0.428" /><testcase classname="backend.tests.test_wellness_blog_apis.TestLandingPagesAPI" name="test_get_chat_senior_landing_page" time="0.395" /><testcase classname="backend.tests.test_wellness_blog_apis.TestLandingPagesAPI" name="test_get_zootherapie_landing_page" time="0.388" /><testcase classname="backend.tests.test_wellness_blog_apis.TestLandingPagesAPI" name="test_get_nonexistent_landing_page" time="0.419" /><testcase classname="backend.tests.test_wellness_blog_apis.TestSearchAPI" name="test_search_articles" time="0.420" /><testcase classname="backend.tests.test_wellness_blog_apis.TestSearchAPI" name="test_search_with_category_filter" time="0.438" /><testcase classname="backend.tests.test_wellness_blog_apis.TestTagsAPI" name="test_get_all_tags" time="0.407" /><testcase classname="backend.tests.test_wellness_blog_apis.TestAuthProtectedEndpoints" name="test_admin_stats_requires_auth" time="0.404" /><testcase classname="backend.tests.test_wellness_blog_apis.TestAuthProtectedEndpoints" name="test_admin_subscribers_requires_auth" time="0.399" /><testcase classname="backend.tests.test_wellness_blog_apis.TestAuthProtectedEndpoints" name="test_admin_pending_comments_requires_auth" time="0.405" /><testcase classname="backend.tests.test_wellness_blog_apis.TestAuthProtectedEndpoints" name="test_create_comment_requires_auth" time="0.390" /></testsuite></testsuites>